# JRE version: OpenJDK Runtime Environment (21.0.6) (build 21.0.6+-13355223-b631.42)
# Java VM: OpenJDK 64-Bit Server VM (21.0.6+-13355223-b631.42, mixed mode, tiered, compressed oops, compressed class ptrs, g1 gc, windows-amd64)
GC Precious Log:
 CardTable entry size: 512
 Card Set container configuration: InlinePtr #cards 5 size 8 Array Of Cards #cards 12 size 40 Howl #buckets 4 coarsen threshold 1843 Howl Bitmap #cards 512 size 80 coarsen threshold 460 Card regions per heap region 1 cards per card region 2048
 CPUs: 4 total, 4 available
 Memory: 12279M
 Large Page Support: Disabled
 NUMA Support: Disabled
 Compressed Oops: Enabled (32-bit)
 Heap Region Size: 1M
 Heap Min Capacity: 8M
 Heap Initial Capacity: 192M
 Heap Max Capacity: 2G
 Pre-touch: Disabled
 Parallel Workers: 4
 Concurrent Workers: 1
 Concurrent Refinement Workers: 4
 Periodic GC: Disabled
Heap:
 garbage-first heap   total 140288K, used 85765K [0x0000000080000000, 0x0000000100000000)
  region size 1024K, 5 young (5120K), 5 survivors (5120K)
 Metaspace       used 85710K, committed 87552K, reserved 1179648K
  class space    used 11820K, committed 12736K, reserved 1048576K
GC Heap History (20 events):
Event: 11.980 GC heap after
{Heap after GC invocations=17 (full 0):
 garbage-first heap   total 94208K, used 53198K [0x0000000080000000, 0x0000000100000000)
  region size 1024K, 4 young (4096K), 4 survivors (4096K)
 Metaspace       used 54016K, committed 55488K, reserved 1114112K
  class space    used 7258K, committed 8000K, reserved 1048576K
}
Event: 12.853 GC heap before
{Heap before GC invocations=17 (full 0):
 garbage-first heap   total 94208K, used 84942K [0x0000000080000000, 0x0000000100000000)
  region size 1024K, 34 young (34816K), 4 survivors (4096K)
 Metaspace       used 56576K, committed 58112K, reserved 1114112K
  class space    used 7665K, committed 8448K, reserved 1048576K
}
Event: 12.862 GC heap after
{Heap after GC invocations=18 (full 0):
 garbage-first heap   total 95232K, used 59392K [0x0000000080000000, 0x0000000100000000)
  region size 1024K, 5 young (5120K), 5 survivors (5120K)
 Metaspace       used 56576K, committed 58112K, reserved 1114112K
  class space    used 7665K, committed 8448K, reserved 1048576K
}
Event: 13.044 GC heap before
{Heap before GC invocations=18 (full 0):
 garbage-first heap   total 95232K, used 64512K [0x0000000080000000, 0x0000000100000000)
  region size 1024K, 12 young (12288K), 5 survivors (5120K)
 Metaspace       used 56701K, committed 58304K, reserved 1114112K
  class space    used 7667K, committed 8448K, reserved 1048576K
}
Event: 13.050 GC heap after
{Heap after GC invocations=19 (full 0):
 garbage-first heap   total 95232K, used 61389K [0x0000000080000000, 0x0000000100000000)
  region size 1024K, 3 young (3072K), 3 survivors (3072K)
 Metaspace       used 56701K, committed 58304K, reserved 1114112K
  class space    used 7667K, committed 8448K, reserved 1048576K
}
Event: 13.652 GC heap before
{Heap before GC invocations=20 (full 0):
 garbage-first heap   total 112640K, used 97229K [0x0000000080000000, 0x0000000100000000)
  region size 1024K, 25 young (25600K), 3 survivors (3072K)
 Metaspace       used 59062K, committed 60672K, reserved 1114112K
  class space    used 7878K, committed 8640K, reserved 1048576K
}
Event: 13.656 GC heap after
{Heap after GC invocations=21 (full 0):
 garbage-first heap   total 112640K, used 77152K [0x0000000080000000, 0x0000000100000000)
  region size 1024K, 4 young (4096K), 4 survivors (4096K)
 Metaspace       used 59062K, committed 60672K, reserved 1114112K
  class space    used 7878K, committed 8640K, reserved 1048576K
}
Event: 13.807 GC heap before
{Heap before GC invocations=21 (full 0):
 garbage-first heap   total 112640K, used 99680K [0x0000000080000000, 0x0000000100000000)
  region size 1024K, 26 young (26624K), 4 survivors (4096K)
 Metaspace       used 59202K, committed 60864K, reserved 1114112K
  class space    used 7894K, committed 8704K, reserved 1048576K
}
Event: 13.811 GC heap after
{Heap after GC invocations=22 (full 0):
 garbage-first heap   total 112640K, used 77479K [0x0000000080000000, 0x0000000100000000)
  region size 1024K, 2 young (2048K), 2 survivors (2048K)
 Metaspace       used 59202K, committed 60864K, reserved 1114112K
  class space    used 7894K, committed 8704K, reserved 1048576K
}
Event: 14.223 GC heap before
{Heap before GC invocations=22 (full 0):
 garbage-first heap   total 112640K, used 98983K [0x0000000080000000, 0x0000000100000000)
  region size 1024K, 24 young (24576K), 2 survivors (2048K)
 Metaspace       used 62214K, committed 63872K, reserved 1114112K
  class space    used 8329K, committed 9152K, reserved 1048576K
}
Event: 14.226 GC heap after
{Heap after GC invocations=23 (full 0):
 garbage-first heap   total 112640K, used 78291K [0x0000000080000000, 0x0000000100000000)
  region size 1024K, 2 young (2048K), 2 survivors (2048K)
 Metaspace       used 62214K, committed 63872K, reserved 1114112K
  class space    used 8329K, committed 9152K, reserved 1048576K
}
Event: 14.708 GC heap before
{Heap before GC invocations=24 (full 0):
 garbage-first heap   total 132096K, used 100819K [0x0000000080000000, 0x0000000100000000)
  region size 1024K, 25 young (25600K), 2 survivors (2048K)
 Metaspace       used 65499K, committed 67200K, reserved 1114112K
  class space    used 8817K, committed 9664K, reserved 1048576K
}
Event: 14.713 GC heap after
{Heap after GC invocations=25 (full 0):
 garbage-first heap   total 132096K, used 79621K [0x0000000080000000, 0x0000000100000000)
  region size 1024K, 4 young (4096K), 4 survivors (4096K)
 Metaspace       used 65499K, committed 67200K, reserved 1114112K
  class space    used 8817K, committed 9664K, reserved 1048576K
}
Event: 15.410 GC heap before
{Heap before GC invocations=25 (full 0):
 garbage-first heap   total 132096K, used 114437K [0x0000000080000000, 0x0000000100000000)
  region size 1024K, 39 young (39936K), 4 survivors (4096K)
 Metaspace       used 72417K, committed 74048K, reserved 1114112K
  class space    used 9761K, committed 10560K, reserved 1048576K
}
Event: 15.416 GC heap after
{Heap after GC invocations=26 (full 0):
 garbage-first heap   total 132096K, used 80249K [0x0000000080000000, 0x0000000100000000)
  region size 1024K, 4 young (4096K), 4 survivors (4096K)
 Metaspace       used 72417K, committed 74048K, reserved 1114112K
  class space    used 9761K, committed 10560K, reserved 1048576K
}
Event: 16.712 GC heap before
{Heap before GC invocations=26 (full 0):
 garbage-first heap   total 132096K, used 118137K [0x0000000080000000, 0x0000000100000000)
  region size 1024K, 41 young (41984K), 4 survivors (4096K)
 Metaspace       used 75373K, committed 77120K, reserved 1179648K
  class space    used 10013K, committed 10880K, reserved 1048576K
}
Event: 16.720 GC heap after
{Heap after GC invocations=27 (full 0):
 garbage-first heap   total 132096K, used 82892K [0x0000000080000000, 0x0000000100000000)
  region size 1024K, 6 young (6144K), 6 survivors (6144K)
 Metaspace       used 75373K, committed 77120K, reserved 1179648K
  class space    used 10013K, committed 10880K, reserved 1048576K
}
Event: 17.663 GC heap before
{Heap before GC invocations=28 (full 0):
 garbage-first heap   total 140288K, used 116684K [0x0000000080000000, 0x0000000100000000)
  region size 1024K, 39 young (39936K), 6 survivors (6144K)
 Metaspace       used 78694K, committed 80512K, reserved 1179648K
  class space    used 10536K, committed 11456K, reserved 1048576K
}
Event: 17.672 GC heap after
{Heap after GC invocations=29 (full 0):
 garbage-first heap   total 140288K, used 84992K [0x0000000080000000, 0x0000000100000000)
  region size 1024K, 3 young (3072K), 3 survivors (3072K)
 Metaspace       used 78694K, committed 80512K, reserved 1179648K
  class space    used 10536K, committed 11456K, reserved 1048576K
}
Event: 18.759 GC heap before
{Heap before GC invocations=29 (full 0):
 garbage-first heap   total 140288K, used 124928K [0x0000000080000000, 0x0000000100000000)
  region size 1024K, 42 young (43008K), 3 survivors (3072K)
 Metaspace       used 85710K, committed 87552K, reserved 1179648K
  class space    used 11820K, committed 12736K, reserved 1048576K
}

