# JRE version: OpenJDK Runtime Environment (21.0.6) (build 21.0.6+-13355223-b631.42)
# Java VM: OpenJDK 64-Bit Server VM (21.0.6+-13355223-b631.42, mixed mode, tiered, compressed oops, compressed class ptrs, g1 gc, windows-amd64)
GC Precious Log:
 CardTable entry size: 512
 Card Set container configuration: InlinePtr #cards 5 size 8 Array Of Cards #cards 12 size 40 Howl #buckets 4 coarsen threshold 1843 Howl Bitmap #cards 512 size 80 coarsen threshold 460 Card regions per heap region 1 cards per card region 2048
 CPUs: 4 total, 4 available
 Memory: 12279M
 Large Page Support: Disabled
 NUMA Support: Disabled
 Compressed Oops: Enabled (32-bit)
 Heap Region Size: 1M
 Heap Min Capacity: 8M
 Heap Initial Capacity: 192M
 Heap Max Capacity: 2G
 Pre-touch: Disabled
 Parallel Workers: 4
 Concurrent Workers: 1
 Concurrent Refinement Workers: 4
 Periodic GC: Disabled
Heap:
 garbage-first heap   total 225280K, used 215038K [0x0000000080000000, 0x0000000100000000)
  region size 1024K, 78 young (79872K), 8 survivors (8192K)
 Metaspace       used 140851K, committed 143232K, reserved 1179648K
  class space    used 18105K, committed 19264K, reserved 1048576K
GC Heap History (20 events):
Event: 14.709 GC heap after
{Heap after GC invocations=29 (full 0):
 garbage-first heap   total 173056K, used 107025K [0x0000000080000000, 0x0000000100000000)
  region size 1024K, 6 young (6144K), 6 survivors (6144K)
 Metaspace       used 91520K, committed 93376K, reserved 1179648K
  class space    used 12659K, committed 13568K, reserved 1048576K
}
Event: 15.442 GC heap before
{Heap before GC invocations=29 (full 0):
 garbage-first heap   total 173056K, used 152081K [0x0000000080000000, 0x0000000100000000)
  region size 1024K, 50 young (51200K), 6 survivors (6144K)
 Metaspace       used 97079K, committed 99008K, reserved 1179648K
  class space    used 13129K, committed 14080K, reserved 1048576K
}
Event: 15.453 GC heap after
{Heap after GC invocations=30 (full 0):
 garbage-first heap   total 173056K, used 109817K [0x0000000080000000, 0x0000000100000000)
  region size 1024K, 4 young (4096K), 4 survivors (4096K)
 Metaspace       used 97079K, committed 99008K, reserved 1179648K
  class space    used 13129K, committed 14080K, reserved 1048576K
}
Event: 16.068 GC heap before
{Heap before GC invocations=30 (full 0):
 garbage-first heap   total 173056K, used 153849K [0x0000000080000000, 0x0000000100000000)
  region size 1024K, 47 young (48128K), 4 survivors (4096K)
 Metaspace       used 102539K, committed 104768K, reserved 1179648K
  class space    used 13887K, committed 14976K, reserved 1048576K
}
Event: 16.075 GC heap after
{Heap after GC invocations=31 (full 0):
 garbage-first heap   total 173056K, used 111715K [0x0000000080000000, 0x0000000100000000)
  region size 1024K, 6 young (6144K), 6 survivors (6144K)
 Metaspace       used 102539K, committed 104768K, reserved 1179648K
  class space    used 13887K, committed 14976K, reserved 1048576K
}
Event: 16.792 GC heap before
{Heap before GC invocations=32 (full 0):
 garbage-first heap   total 186368K, used 154723K [0x0000000080000000, 0x0000000100000000)
  region size 1024K, 49 young (50176K), 6 survivors (6144K)
 Metaspace       used 108856K, committed 111104K, reserved 1179648K
  class space    used 14683K, committed 15808K, reserved 1048576K
}
Event: 16.802 GC heap after
{Heap after GC invocations=33 (full 0):
 garbage-first heap   total 186368K, used 112394K [0x0000000080000000, 0x0000000100000000)
  region size 1024K, 4 young (4096K), 4 survivors (4096K)
 Metaspace       used 108856K, committed 111104K, reserved 1179648K
  class space    used 14683K, committed 15808K, reserved 1048576K
}
Event: 17.307 GC heap before
{Heap before GC invocations=33 (full 0):
 garbage-first heap   total 186368K, used 167690K [0x0000000080000000, 0x0000000100000000)
  region size 1024K, 57 young (58368K), 4 survivors (4096K)
 Metaspace       used 110097K, committed 112320K, reserved 1179648K
  class space    used 14795K, committed 15872K, reserved 1048576K
}
Event: 17.317 GC heap after
{Heap after GC invocations=34 (full 0):
 garbage-first heap   total 224256K, used 115204K [0x0000000080000000, 0x0000000100000000)
  region size 1024K, 8 young (8192K), 8 survivors (8192K)
 Metaspace       used 110097K, committed 112320K, reserved 1179648K
  class space    used 14795K, committed 15872K, reserved 1048576K
}
Event: 18.725 GC heap before
{Heap before GC invocations=34 (full 0):
 garbage-first heap   total 224256K, used 192004K [0x0000000080000000, 0x0000000100000000)
  region size 1024K, 83 young (84992K), 8 survivors (8192K)
 Metaspace       used 119517K, committed 121792K, reserved 1179648K
  class space    used 15837K, committed 16960K, reserved 1048576K
}
Event: 18.739 GC heap after
{Heap after GC invocations=35 (full 0):
 garbage-first heap   total 224256K, used 121040K [0x0000000080000000, 0x0000000100000000)
  region size 1024K, 10 young (10240K), 10 survivors (10240K)
 Metaspace       used 119517K, committed 121792K, reserved 1179648K
  class space    used 15837K, committed 16960K, reserved 1048576K
}
Event: 20.089 GC heap before
{Heap before GC invocations=36 (full 0):
 garbage-first heap   total 224256K, used 195792K [0x0000000080000000, 0x0000000100000000)
  region size 1024K, 83 young (84992K), 10 survivors (10240K)
 Metaspace       used 131502K, committed 133824K, reserved 1179648K
  class space    used 16992K, committed 18112K, reserved 1048576K
}
Event: 20.101 GC heap after
{Heap after GC invocations=37 (full 0):
 garbage-first heap   total 224256K, used 122721K [0x0000000080000000, 0x0000000100000000)
  region size 1024K, 7 young (7168K), 7 survivors (7168K)
 Metaspace       used 131502K, committed 133824K, reserved 1179648K
  class space    used 16992K, committed 18112K, reserved 1048576K
}
Event: 22.824 GC heap before
{Heap before GC invocations=37 (full 0):
 garbage-first heap   total 224256K, used 199521K [0x0000000080000000, 0x0000000100000000)
  region size 1024K, 83 young (84992K), 7 survivors (7168K)
 Metaspace       used 140309K, committed 142656K, reserved 1179648K
  class space    used 18073K, committed 19264K, reserved 1048576K
}
Event: 22.843 GC heap after
{Heap after GC invocations=38 (full 0):
 garbage-first heap   total 224256K, used 131253K [0x0000000080000000, 0x0000000100000000)
  region size 1024K, 11 young (11264K), 11 survivors (11264K)
 Metaspace       used 140309K, committed 142656K, reserved 1179648K
  class space    used 18073K, committed 19264K, reserved 1048576K
}
Event: 23.591 GC heap before
{Heap before GC invocations=38 (full 0):
 garbage-first heap   total 224256K, used 198837K [0x0000000080000000, 0x0000000100000000)
  region size 1024K, 78 young (79872K), 11 survivors (11264K)
 Metaspace       used 140656K, committed 143040K, reserved 1179648K
  class space    used 18076K, committed 19264K, reserved 1048576K
}
Event: 23.606 GC heap after
{Heap after GC invocations=39 (full 0):
 garbage-first heap   total 224256K, used 134646K [0x0000000080000000, 0x0000000100000000)
  region size 1024K, 5 young (5120K), 5 survivors (5120K)
 Metaspace       used 140656K, committed 143040K, reserved 1179648K
  class space    used 18076K, committed 19264K, reserved 1048576K
}
Event: 24.310 GC heap before
{Heap before GC invocations=40 (full 0):
 garbage-first heap   total 225280K, used 202230K [0x0000000080000000, 0x0000000100000000)
  region size 1024K, 72 young (73728K), 5 survivors (5120K)
 Metaspace       used 140667K, committed 143040K, reserved 1179648K
  class space    used 18077K, committed 19264K, reserved 1048576K
}
Event: 24.316 GC heap after
{Heap after GC invocations=41 (full 0):
 garbage-first heap   total 225280K, used 135166K [0x0000000080000000, 0x0000000100000000)
  region size 1024K, 5 young (5120K), 5 survivors (5120K)
 Metaspace       used 140667K, committed 143040K, reserved 1179648K
  class space    used 18077K, committed 19264K, reserved 1048576K
}
Event: 25.478 GC heap before
{Heap before GC invocations=41 (full 0):
 garbage-first heap   total 225280K, used 214014K [0x0000000080000000, 0x0000000100000000)
  region size 1024K, 75 young (76800K), 5 survivors (5120K)
 Metaspace       used 140851K, committed 143232K, reserved 1179648K
  class space    used 18105K, committed 19264K, reserved 1048576K
}

